Copy of ZxQuery/proguard/seeds.txt
com.fortunes.zxcx.application.BaseApplication
com.fortunes.zxcx.base.BaseActivity
com.fortunes.zxcx.base.BaseActivity: BaseActivity()
com.fortunes.zxcx.secure.CreditLoginActivity
com.fortunes.zxcx.secure.CreditLoginActivity: CreditLoginActivity()
com.fortunes.zxcx.secure.ForgetPwdActivity
com.fortunes.zxcx.secure.ForgetPwdActivity: ForgetPwdActivity()
com.fortunes.zxcx.secure.LoginActivity
com.fortunes.zxcx.secure.LoginActivity: LoginActivity()
com.fortunes.zxcx.secure.RegisterActivity
com.fortunes.zxcx.secure.RegisterActivity: RegisterActivity()
com.fortunes.zxcx.ui.CheckCreditReportActivity
com.fortunes.zxcx.ui.CheckCreditReportActivity: CheckCreditReportActivity()
com.fortunes.zxcx.ui.IdAuthActivity
com.fortunes.zxcx.ui.IdAuthActivity: IdAuthActivity()
com.fortunes.zxcx.ui.MainActivity
com.fortunes.zxcx.ui.MainActivity: MainActivity()
com.fortunes.zxcx.ui.ModifyPwdActivity
com.fortunes.zxcx.ui.ModifyPwdActivity: ModifyPwdActivity()
com.fortunes.zxcx.ui.PhoneVerifyActivity
com.fortunes.zxcx.ui.PhoneVerifyActivity: PhoneVerifyActivity()
com.fortunes.zxcx.ui.ResultAcitivity
com.fortunes.zxcx.ui.ResultAcitivity: ResultAcitivity()
com.fortunes.zxcx.ui.ShouQuanAcitivity
com.fortunes.zxcx.ui.ShouQuanAcitivity: ShouQuanAcitivity()
com.fortunes.zxcx.ui.StartActivity
com.fortunes.zxcx.ui.StartActivity: StartActivity()
com.fortunes.zxcx.ui.WelcomeActivity
com.fortunes.zxcx.ui.WelcomeActivity: WelcomeActivity()
com.fortunes.zxcx.ui.bean.AuthCodeBean
com.fortunes.zxcx.ui.bean.AuthCodeBean: java.lang.String state
com.fortunes.zxcx.ui.bean.AuthCodeBean: java.lang.String postData
com.fortunes.zxcx.ui.bean.AuthCodeBean: java.lang.String msg
com.fortunes.zxcx.ui.bean.AuthCodeBean: AuthCodeBean()
com.fortunes.zxcx.ui.bean.AuthCodeBean: java.lang.String getState()
com.fortunes.zxcx.ui.bean.AuthCodeBean: void setState(java.lang.String)
com.fortunes.zxcx.ui.bean.AuthCodeBean: java.lang.String getPostData()
com.fortunes.zxcx.ui.bean.AuthCodeBean: void setPostData(java.lang.String)
com.fortunes.zxcx.ui.bean.AuthCodeBean: java.lang.String getMsg()
com.fortunes.zxcx.ui.bean.AuthCodeBean: void setMsg(java.lang.String)
com.fortunes.zxcx.ui.bean.CreditLoginBean
com.fortunes.zxcx.ui.bean.CreditLoginBean: java.lang.String pwdChange
com.fortunes.zxcx.ui.bean.CreditLoginBean: java.lang.String reportStatus
com.fortunes.zxcx.ui.bean.CreditLoginBean: CreditLoginBean()
com.fortunes.zxcx.ui.bean.CreditLoginBean: java.lang.String getPwdChange()
com.fortunes.zxcx.ui.bean.CreditLoginBean: void setPwdChange(java.lang.String)
com.fortunes.zxcx.ui.bean.CreditLoginBean: java.lang.String getReportStatus()
com.fortunes.zxcx.ui.bean.CreditLoginBean: void setReportStatus(java.lang.String)
com.fortunes.zxcx.ui.bean.MsgBean
com.fortunes.zxcx.ui.bean.MsgBean: boolean success
com.fortunes.zxcx.ui.bean.MsgBean: java.lang.String msg
com.fortunes.zxcx.ui.bean.MsgBean: java.lang.String state
com.fortunes.zxcx.ui.bean.MsgBean: MsgBean()
com.fortunes.zxcx.ui.bean.MsgBean: java.lang.String getState()
com.fortunes.zxcx.ui.bean.MsgBean: void setState(java.lang.String)
com.fortunes.zxcx.ui.bean.MsgBean: java.lang.String getMsg()
com.fortunes.zxcx.ui.bean.MsgBean: void setMsg(java.lang.String)
com.fortunes.zxcx.ui.bean.MsgBean: boolean isSuccess()
com.fortunes.zxcx.ui.bean.MsgBean: void setSuccess(boolean)
...
com.loopj.android.http.JsonHttpResponseHandler$2
com.loopj.android.http.JsonHttpResponseHandler$2: java.lang.String val$responseBody
com.loopj.android.http.JsonHttpResponseHandler$2: int val$statusCode
com.loopj.android.http.JsonHttpResponseHandler$2: org.apache.http.Header[] val$headers
com.loopj.android.http.JsonHttpResponseHandler$2: java.lang.Throwable val$e
com.loopj.android.http.JsonHttpResponseHandler$2: com.loopj.android.http.JsonHttpResponseHandler this$0
com.loopj.android.http.JsonHttpResponseHandler$2: JsonHttpResponseHandler$2(com.loopj.android.http.JsonHttpResponseHandler,java.lang.String,int,org.apache.http.Header[],java.lang.Throwable)
com.loopj.android.http.JsonHttpResponseHandler$2: void run()
com.loopj.android.http.JsonHttpResponseHandler$2$1
com.loopj.android.http.JsonHttpResponseHandler$2$1: java.lang.Object val$jsonResponse
com.loopj.android.http.JsonHttpResponseHandler$2$1: com.loopj.android.http.JsonHttpResponseHandler$2 this$1
com.loopj.android.http.JsonHttpResponseHandler$2$1: JsonHttpResponseHandler$2$1(com.loopj.android.http.JsonHttpResponseHandler$2,java.lang.Object)
com.loopj.android.http.JsonHttpResponseHandler$2$1: void run()
com.loopj.android.http.JsonHttpResponseHandler$2$2
com.loopj.android.http.JsonHttpResponseHandler$2$2: org.json.JSONException val$ex
com.loopj.android.http.JsonHttpResponseHandler$2$2: com.loopj.android.http.JsonHttpResponseHandler$2 this$1
com.loopj.android.http.JsonHttpResponseHandler$2$2: JsonHttpResponseHandler$2$2(com.loopj.android.http.JsonHttpResponseHandler$2,org.json.JSONException)
com.loopj.android.http.JsonHttpResponseHandler$2$2: void run()
com.loopj.android.http.MySSLSocketFactory
com.loopj.android.http.MySSLSocketFactory: javax.net.ssl.SSLContext sslContext
com.loopj.android.http.MySSLSocketFactory: MySSLSocketFactory(java.security.KeyStore)
com.loopj.android.http.MySSLSocketFactory: java.net.Socket createSocket(java.net.Socket,java.lang.String,int,boolean)
com.loopj.android.http.MySSLSocketFactory: java.net.Socket createSocket()
com.loopj.android.http.MySSLSocketFactory: java.security.KeyStore getKeystore()
com.loopj.android.http.MySSLSocketFactory: org.apache.http.conn.ssl.SSLSocketFactory getFixedSocketFactory()
com.loopj.android.http.MySSLSocketFactory$1
com.loopj.android.http.MySSLSocketFactory$1: com.loopj.android.http.MySSLSocketFactory this$0
com.loopj.android.http.MySSLSocketFactory$1: MySSLSocketFactory$1(com.loopj.android.http.MySSLSocketFactory)
com.loopj.android.http.MySSLSocketFactory$1: java.security.cert.X509Certificate[] getAcceptedIssuers()
com.loopj.android.http.MySSLSocketFactory$1: void checkClientTrusted(java.security.cert.X509Certificate[],java.lang.String)
com.loopj.android.http.MySSLSocketFactory$1: void checkServerTrusted(java.security.cert.X509Certificate[],java.lang.String)