Copy of ZxQuery/proguard/mapping.txt
com.fortunes.zxcx.application.BaseApplication -> com.fortunes.zxcx.application.BaseApplication:
    java.lang.String TAG -> a
    com.fortunes.zxcx.application.BaseApplication sInstance -> b
    void onCreate() -> onCreate
    void onLowMemory() -> onLowMemory
    void onTerminate() -> onTerminate
    int getSDKVersion() -> a
com.fortunes.zxcx.base.AppManager -> com.fortunes.zxcx.base.a:
    java.util.Stack activityStack -> a
    com.fortunes.zxcx.base.AppManager instance -> b
    com.fortunes.zxcx.base.AppManager getAppManager() -> a
    void addActivity(android.app.Activity) -> a
    void finishActivity(android.app.Activity) -> b
    void finishAllActivity() -> b
    void finishToActivity$56054daa(java.lang.Class) -> a
com.fortunes.zxcx.base.BaseActivity -> com.fortunes.zxcx.base.BaseActivity:
    java.lang.String TAG -> a
    int mScreenWidth -> b
    int mScreenHeight -> c
    com.fortunes.zxcx.view.LoadingDialog loadingDialog -> d
    android.widget.Button mLeftIconBtn -> i
    android.widget.TextView toptext -> j
    android.widget.LinearLayout layout -> k
    android.widget.LinearLayout add_top -> e
    com.google.gson.Gson gson -> f
    com.fortunes.zxcx.keys.KeyUtils keyUtils -> g
    int count -> h
    android.view.View$OnClickListener mClickListener -> l
    void onCreate(android.os.Bundle) -> onCreate
    void setContentViewWithTop(int) -> a
    void onLeftIconButtonClick$2a4380ef() -> a
    void setTopTitle(java.lang.CharSequence) -> a
    void onStart() -> onStart
    void onResume() -> onResume
    void onPause() -> onPause
    void onStop() -> onStop
    void onDestroy() -> onDestroy
    void initProgressDialog() -> b
    void dismissProgressDialog() -> c
    android.widget.Button access$0(com.fortunes.zxcx.base.BaseActivity) -> a
com.fortunes.zxcx.base.BaseActivity$1 -> com.fortunes.zxcx.base.b:
    com.fortunes.zxcx.base.BaseActivity this$0 -> a
    void onClick(android.view.View) -> onClick
com.fortunes.zxcx.http.https -> com.fortunes.zxcx.a.a:
    com.loopj.android.http.AsyncHttpClient client -> a
    void get(android.content.Context,com.fortunes.zxcx.view.LoadingDialog,java.lang.String,com.loopj.android.http.RequestParams,com.loopj.android.http.AsyncHttpResponseHandler) -> a
    void get(android.content.Context,java.lang.String,com.loopj.android.http.RequestParams,com.loopj.android.http.AsyncHttpResponseHandler) -> a
    void cancelRequests$1a552341(android.content.Context) -> a
com.fortunes.zxcx.keys.AESEND -> com.fortunes.zxcx.b.a:
    java.lang.String iv -> a
    java.lang.String encrypt(java.lang.String,java.lang.String) -> a
    java.lang.String decrypt(java.lang.String,java.lang.String) -> b
com.fortunes.zxcx.keys.Base64Utils -> com.fortunes.zxcx.b.b:
    int CACHE_SIZE -> a
    byte[] decode(java.lang.String) -> a
    java.lang.String encode(byte[]) -> a
com.fortunes.zxcx.keys.EncryptDataBean -> com.fortunes.zxcx.b.c:
    java.lang.String state -> a
    java.lang.String data -> b
    java.lang.String getState() -> a
    java.lang.String getData() -> b
com.fortunes.zxcx.keys.KeyBean -> com.fortunes.zxcx.b.d:
    boolean success -> a
    java.lang.String aesKey -> b
    java.lang.String rsaPubKey -> c
    boolean isSuccess() -> a
    java.lang.String getAesKey() -> b
    java.lang.String getRsaPubKey() -> c
...
android.support.v4.view.MotionEventCompat$EclairMotionEventVersionImpl -> android.support.v4.view.MotionEventCompat$EclairMotionEventVersionImpl:
    int findPointerIndex(android.view.MotionEvent,int) -> findPointerIndex
    int getPointerId(android.view.MotionEvent,int) -> getPointerId
    float getX(android.view.MotionEvent,int) -> getX
    float getY(android.view.MotionEvent,int) -> getY
    int getPointerCount(android.view.MotionEvent) -> getPointerCount
android.support.v4.view.MotionEventCompat$MotionEventVersionImpl -> android.support.v4.view.MotionEventCompat$MotionEventVersionImpl:
    int findPointerIndex(android.view.MotionEvent,int) -> findPointerIndex
    int getPointerId(android.view.MotionEvent,int) -> getPointerId
    float getX(android.view.MotionEvent,int) -> getX
    float getY(android.view.MotionEvent,int) -> getY
    int getPointerCount(android.view.MotionEvent) -> getPointerCount
android.support.v4.view.MotionEventCompatEclair -> android.support.v4.view.MotionEventCompatEclair:
    int findPointerIndex(android.view.MotionEvent,int) -> findPointerIndex
    int getPointerId(android.view.MotionEvent,int) -> getPointerId
    float getX(android.view.MotionEvent,int) -> getX
    float getY(android.view.MotionEvent,int) -> getY
    int getPointerCount(android.view.MotionEvent) -> getPointerCount
android.support.v4.view.OnApplyWindowInsetsListener -> android.support.v4.view.OnApplyWindowInsetsListener:
    android.support.v4.view.WindowInsetsCompat onApplyWindowInsets(android.view.View,android.support.v4.view.WindowInsetsCompat) -> onApplyWindowInsets
android.support.v4.view.PagerAdapter -> android.support.v4.view.PagerAdapter:
    android.database.DataSetObservable mObservable -> mObservable
    int POSITION_UNCHANGED -> POSITION_UNCHANGED
    int POSITION_NONE -> POSITION_NONE
    int getCount() -> getCount
    void startUpdate(android.view.ViewGroup) -> startUpdate
    java.lang.Object instantiateItem(android.view.ViewGroup,int) -> instantiateItem
    void destroyItem(android.view.ViewGroup,int,java.lang.Object) -> destroyItem
    void setPrimaryItem(android.view.ViewGroup,int,java.lang.Object) -> setPrimaryItem
    void finishUpdate(android.view.ViewGroup) -> finishUpdate
    void startUpdate(android.view.View) -> startUpdate
    java.lang.Object instantiateItem(android.view.View,int) -> instantiateItem
    void destroyItem(android.view.View,int,java.lang.Object) -> destroyItem
    void setPrimaryItem(android.view.View,int,java.lang.Object) -> setPrimaryItem
    void finishUpdate(android.view.View) -> finishUpdate
    boolean isViewFromObject(android.view.View,java.lang.Object) -> isViewFromObject
    android.os.Parcelable saveState() -> saveState
    void restoreState(android.os.Parcelable,java.lang.ClassLoader) -> restoreState
    int getItemPosition(java.lang.Object) -> getItemPosition
    void notifyDataSetChanged() -> notifyDataSetChanged
    void registerDataSetObserver(android.database.DataSetObserver) -> registerDataSetObserver