Copy of ZxQuery/proguard/usage.txt
com.fortunes.zxcx.BuildConfig
com.fortunes.zxcx.R
com.fortunes.zxcx.R$anim
com.fortunes.zxcx.R$array
com.fortunes.zxcx.R$attr
com.fortunes.zxcx.R$bool
com.fortunes.zxcx.R$color
com.fortunes.zxcx.R$dimen
com.fortunes.zxcx.R$drawable
com.fortunes.zxcx.R$id
com.fortunes.zxcx.R$integer
com.fortunes.zxcx.R$layout
com.fortunes.zxcx.R$menu
com.fortunes.zxcx.R$string
com.fortunes.zxcx.R$style
com.fortunes.zxcx.R$styleable
com.fortunes.zxcx.application.BaseApplication:
    public static java.lang.String AppPublicKey
    public static java.lang.String AppPrivteKey
    public static java.lang.String PosAesKey
    public static java.lang.String PosRsaPubKey
    86:86:public static com.fortunes.zxcx.application.BaseApplication getInstance()
com.fortunes.zxcx.base.AppManager:
    50:51:public android.app.Activity currentActivity()
    58:60:public void finishActivity()
    77:82:public void finishActivity(java.lang.Class)
    116:125:public static void finishAllAndLaunchMain(android.content.Context)
    130:142:public static void finishAllAndLaunchOther(android.content.Context,java.lang.Class)
    166:173:public void AppExit(android.content.Context)
com.fortunes.zxcx.base.BaseActivity:
    141:142:public void hideLeftIconButton()
    148:149:public void showLeftIconButton()
    protected abstract void findViewById()
    protected abstract void setListener()
    protected abstract void init()
    210:211:protected void showShortToast(int)
    220:221:protected void showLongToast(int)
    225:226:protected void showLongToast(java.lang.String)
    230:231:protected android.app.AlertDialog showAlertDialog(java.lang.String,java.lang.String)
    238:241:protected android.app.AlertDialog showAlertDialog(java.lang.String,java.lang.String,java.lang.String,android.content.DialogInterface$OnClickListener,java.lang.String,android.content.DialogInterface$OnClickListener)
    248:251:protected android.app.AlertDialog showAlertDialog(java.lang.String,java.lang.String,int,java.lang.String,android.content.DialogInterface$OnClickListener,java.lang.String,android.content.DialogInterface$OnClickListener)
com.fortunes.zxcx.config.AppConfig
com.fortunes.zxcx.config.Constant
com.fortunes.zxcx.http.Urls
com.fortunes.zxcx.http.https:
    30:30:public https()
    40:42:public static void get(android.content.Context,java.lang.String,com.loopj.android.http.AsyncHttpResponseHandler)
    106:108:public static void get(java.lang.String,com.loopj.android.http.JsonHttpResponseHandler)
    114:116:public static void get(java.lang.String,com.loopj.android.http.RequestParams,com.loopj.android.http.JsonHttpResponseHandler)
    120:121:public static void get(java.lang.String,com.loopj.android.http.BinaryHttpResponseHandler)
    124:125:public static void get(java.lang.String,com.loopj.android.http.AsyncHttpResponseHandler)
    128:128:public static com.loopj.android.http.AsyncHttpClient getClient()
com.fortunes.zxcx.keys.AESEND:
    10:10:public AESEND()
    66:75:public static byte[] parseHexStr2Byte(java.lang.String)
com.fortunes.zxcx.keys.Base64Utils:
    70:71:public java.lang.String encodeFile(java.lang.String)
    86:88:public void decodeToFile(java.lang.String,java.lang.String)
    101:116:public byte[] fileToByte(java.lang.String)
    130:145:public void byteArrayToFile(byte[],java.lang.String)
com.fortunes.zxcx.keys.EncryptDataBean:
    12:13:public void setState(java.lang.String)
    20:21:public void setData(java.lang.String)
com.fortunes.zxcx.keys.KeyBean:
    public java.lang.String msg
    10:10:public java.lang.String getMsg()
    14:15:public void setMsg(java.lang.String)
    22:23:public void setSuccess(boolean)
    30:31:public void setAesKey(java.lang.String)
    38:39:public void setRsaPubKey(java.lang.String)
...
android.support.annotation.AnimRes
android.support.annotation.AnimatorRes
android.support.annotation.AnyRes
android.support.annotation.ArrayRes
android.support.annotation.AttrRes
android.support.annotation.BoolRes
android.support.annotation.ColorRes
android.support.annotation.DimenRes
android.support.annotation.DrawableRes
android.support.annotation.FractionRes
android.support.annotation.IdRes
android.support.annotation.IntDef
android.support.annotation.IntegerRes
android.support.annotation.InterpolatorRes
android.support.annotation.LayoutRes
android.support.annotation.MenuRes
android.support.annotation.NonNull
android.support.annotation.Nullable
android.support.annotation.PluralsRes
android.support.annotation.RawRes
android.support.annotation.StringDef
android.support.annotation.StringRes
android.support.annotation.StyleRes
android.support.annotation.StyleableRes
android.support.annotation.XmlRes
org.apache.tools.zip.AbstractUnicodeExtraField:
    48:60:protected AbstractUnicodeExtraField(java.lang.String,byte[],int,int)
    72:73:protected AbstractUnicodeExtraField(java.lang.String,byte[])
    100:102:public void setNameCRC32(long)
    120:128:public void setUnicodeName(byte[])
org.apache.tools.zip.AsiExtraField:
    private static final int WORD
    183:184:public void setUserId(int)
    201:202:public void setGroupId(int)
    222:224:public void setLinkedFile(java.lang.String)
org.apache.tools.zip.ExtraFieldUtils:
    private static final int WORD
    32:32:public ExtraFieldUtils()
    103:103:public static org.apache.tools.zip.ZipExtraField[] parse(byte[])
    118:118:public static org.apache.tools.zip.ZipExtraField[] parse(byte[],boolean)
org.apache.tools.zip.ExtraFieldUtils$UnparseableExtraField:
    public static final int THROW_KEY
    public static final int SKIP_KEY
    public static final int READ_KEY
org.apache.tools.zip.GeneralPurposeBit:
    private static final int ENCRYPTION_FLAG
    private static final int DATA_DESCRIPTOR_FLAG
    private static final int STRONG_ENCRYPTION_FLAG
    public static final int UFT8_NAMES_FLAG
    79:79:public boolean usesDataDescriptor()
    108:108:public boolean usesStrongEncryption()
org.apache.tools.zip.JarMarker:
    46:46:public static org.apache.tools.zip.JarMarker getInstance()
org.apache.tools.zip.UnicodeCommentExtraField:
    51:52:public UnicodeCommentExtraField(java.lang.String,byte[],int,int)
    62:63:public UnicodeCommentExtraField(java.lang.String,byte[])
org.apache.tools.zip.UnicodePathExtraField:
    49:50:public UnicodePathExtraField(java.lang.String,byte[],int,int)
    60:61:public UnicodePathExtraField(java.lang.String,byte[])
org.apache.tools.zip.UnixStat
org.apache.tools.zip.UnsupportedZipFeatureException:
    private static final long serialVersionUID
    51:51:public org.apache.tools.zip.UnsupportedZipFeatureException$Feature getFeature()
    58:58:public org.apache.tools.zip.ZipEntry getEntry()
org.apache.tools.zip.Zip64ExtendedInformationExtraField:
    private static final java.lang.String LFH_MUST_HAVE_BOTH_SIZES_MSG
    81:82:public Zip64ExtendedInformationExtraField(org.apache.tools.zip.ZipEightByteInteger,org.apache.tools.zip.ZipEightByteInteger)
    92:100:public Zip64ExtendedInformationExtraField(org.apache.tools.zip.ZipEightByteInteger,org.apache.tools.zip.ZipEightByteInteger,org.apache.tools.zip.ZipEightByteInteger,org.apache.tools.zip.ZipLong)
    300:300:public org.apache.tools.zip.ZipLong getDiskStartNumber()
    307:308:public void setDiskStartNumber(org.apache.tools.zip.ZipLong)
org.apache.tools.zip.Zip64RequiredException:
    private static final long serialVersionUID
    static final java.lang.String ARCHIVE_TOO_BIG_MESSAGE
    static final java.lang.String TOO_MANY_ENTRIES_MESSAGE
org.apache.tools.zip.ZipConstants